<?xml version="1.0" encoding="UTF-8"?>
<testsuite xmlns:xsi="http://www.w3.org/2001/XMLSchema-instance" xsi:noNamespaceSchemaLocation="https://maven.apache.org/surefire/maven-surefire-plugin/xsd/surefire-test-report-3.0.xsd" version="3.0" name="no.hvl.dat110.unit.tests.TestRemote" time="0.039" tests="1" errors="0" skipped="0" failures="0">
  <properties>
[...]
</properties>
  <testcase name="test" classname="no.hvl.dat110.unit.tests.TestRemote" time="0.038">
    <system-out><![CDATA[Checking interval: id=8256520967608282605234844990226290265, lower=53937554629190552131995290006614509577, upper=66910184482037901621933403444034052414
Case 1 (Normal interval): Result = false
Checking interval: id=15618062003214643351512781541041391612, lower=53937554629190552131995290006614509577, upper=8256520967608282605234844990226290264
Case 2 (Wrapped interval): Result = false
Checking interval: id=210821560651360572675896360671414673172, lower=53937554629190552131995290006614509577, upper=8256520967608282605234844990226290264
Case 2 (Wrapped interval): Result = true
Checking interval: id=8256520967608282605234844990226290265, lower=210821560651360572675896360671414673172, upper=15618062003214643351512781541041391612
Case 2 (Wrapped interval): Result = true
2025-04-14 22:07:16 INFO  FileManager:137 - Replica 8256520967608282605234844990226290265 is stored on peer: process2
Checking interval: id=83550242532527638904138483233262313637, lower=53937554629190552131995290006614509577, upper=66910184482037901621933403444034052414
Case 1 (Normal interval): Result = false
Checking interval: id=15618062003214643351512781541041391612, lower=53937554629190552131995290006614509577, upper=83550242532527638904138483233262313636
Case 1 (Normal interval): Result = false
Checking interval: id=210821560651360572675896360671414673172, lower=53937554629190552131995290006614509577, upper=83550242532527638904138483233262313636
Case 1 (Normal interval): Result = false
Checking interval: id=121411138451101288395601026024677976156, lower=53937554629190552131995290006614509577, upper=83550242532527638904138483233262313636
Case 1 (Normal interval): Result = false
Checking interval: id=121411138451101288395601026024677976156, lower=53937554629190552131995290006614509577, upper=83550242532527638904138483233262313636
Case 1 (Normal interval): Result = false
Checking interval: id=66910184482037901621933403444034052414, lower=53937554629190552131995290006614509577, upper=83550242532527638904138483233262313636
Case 1 (Normal interval): Result = true
Checking interval: id=83550242532527638904138483233262313637, lower=66910184482037901621933403444034052414, upper=121411138451101288395601026024677976156
Case 1 (Normal interval): Result = true
2025-04-14 22:07:16 INFO  FileManager:137 - Replica 83550242532527638904138483233262313637 is stored on peer: process5
Checking interval: id=179241403734895214076219526399432130488, lower=53937554629190552131995290006614509577, upper=66910184482037901621933403444034052414
Case 1 (Normal interval): Result = false
Checking interval: id=15618062003214643351512781541041391612, lower=53937554629190552131995290006614509577, upper=179241403734895214076219526399432130487
Case 1 (Normal interval): Result = false
Checking interval: id=210821560651360572675896360671414673172, lower=53937554629190552131995290006614509577, upper=179241403734895214076219526399432130487
Case 1 (Normal interval): Result = false
Checking interval: id=121411138451101288395601026024677976156, lower=53937554629190552131995290006614509577, upper=179241403734895214076219526399432130487
Case 1 (Normal interval): Result = true
Checking interval: id=179241403734895214076219526399432130488, lower=121411138451101288395601026024677976156, upper=210821560651360572675896360671414673172
Case 1 (Normal interval): Result = true
2025-04-14 22:07:16 INFO  FileManager:137 - Replica 179241403734895214076219526399432130488 is stored on peer: process4
Checking interval: id=149037318589456997023767356092491379363, lower=53937554629190552131995290006614509577, upper=66910184482037901621933403444034052414
Case 1 (Normal interval): Result = false
Checking interval: id=15618062003214643351512781541041391612, lower=53937554629190552131995290006614509577, upper=149037318589456997023767356092491379362
Case 1 (Normal interval): Result = false
Checking interval: id=210821560651360572675896360671414673172, lower=53937554629190552131995290006614509577, upper=149037318589456997023767356092491379362
Case 1 (Normal interval): Result = false
Checking interval: id=121411138451101288395601026024677976156, lower=53937554629190552131995290006614509577, upper=149037318589456997023767356092491379362
Case 1 (Normal interval): Result = true
Checking interval: id=149037318589456997023767356092491379363, lower=121411138451101288395601026024677976156, upper=210821560651360572675896360671414673172
Case 1 (Normal interval): Result = true
2025-04-14 22:07:16 INFO  FileManager:137 - Replica 149037318589456997023767356092491379363 is stored on peer: process4
Primary = process4
2025-04-14 22:07:16 INFO  UpdateOperations:90 - Trying to update file replicas for peer: 210821560651360572675896360671414673172
2025-04-14 22:07:16 INFO  UpdateOperations:69 - Update file is being performed by this peer: process4 | 179241403734895214076219526399432130488
2025-04-14 22:07:16 INFO  UpdateOperations:69 - Update file is being performed by this peer: process4 | 149037318589456997023767356092491379363
2025-04-14 22:07:16 INFO  UpdateOperations:102 - Finished updating file for peer: 210821560651360572675896360671414673172
2025-04-14 22:07:16 INFO  UpdateOperations:90 - Trying to update file replicas for peer: 15618062003214643351512781541041391612
2025-04-14 22:07:16 INFO  UpdateOperations:69 - Update file is being performed by this peer: process2 | 8256520967608282605234844990226290265
2025-04-14 22:07:16 INFO  UpdateOperations:102 - Finished updating file for peer: 15618062003214643351512781541041391612
2025-04-14 22:07:16 INFO  UpdateOperations:90 - Trying to update file replicas for peer: 121411138451101288395601026024677976156
2025-04-14 22:07:16 INFO  UpdateOperations:69 - Update file is being performed by this peer: process5 | 83550242532527638904138483233262313637
2025-04-14 22:07:16 INFO  UpdateOperations:102 - Finished updating file for peer: 121411138451101288395601026024677976156
]]></system-out>
  </testcase>
</testsuite>