<?xml version="1.0" encoding="UTF-8"?>
<testsuite xmlns:xsi="http://www.w3.org/2001/XMLSchema-instance" xsi:noNamespaceSchemaLocation="https://maven.apache.org/surefire/maven-surefire-plugin/xsd/surefire-test-report-3.0.xsd" version="3.0" name="no.hvl.dat110.unit.tests.TestFilePeers" time="0.076" tests="1" errors="0" skipped="0" failures="0">
  <properties>
[...]
</properties>
  <testcase name="test" classname="no.hvl.dat110.unit.tests.TestFilePeers" time="0.073">
    <system-out><![CDATA[Checking interval: id=127615430233524719490345743798572761786, lower=66910184482037901621933403444034052414, upper=121411138451101288395601026024677976156
Case 1 (Normal interval): Result = false
Checking interval: id=15618062003214643351512781541041391612, lower=66910184482037901621933403444034052414, upper=127615430233524719490345743798572761785
Case 1 (Normal interval): Result = false
Checking interval: id=210821560651360572675896360671414673172, lower=66910184482037901621933403444034052414, upper=127615430233524719490345743798572761785
Case 1 (Normal interval): Result = false
Checking interval: id=121411138451101288395601026024677976156, lower=66910184482037901621933403444034052414, upper=127615430233524719490345743798572761785
Case 1 (Normal interval): Result = true
Checking interval: id=127615430233524719490345743798572761786, lower=121411138451101288395601026024677976156, upper=210821560651360572675896360671414673172
Case 1 (Normal interval): Result = true
2025-04-14 22:25:33 INFO  FileManager:137 - Replica 127615430233524719490345743798572761786 is stored on peer: process4
Checking interval: id=136541484142652779330200457892076216958, lower=66910184482037901621933403444034052414, upper=121411138451101288395601026024677976156
Case 1 (Normal interval): Result = false
Checking interval: id=15618062003214643351512781541041391612, lower=66910184482037901621933403444034052414, upper=136541484142652779330200457892076216957
Case 1 (Normal interval): Result = false
Checking interval: id=210821560651360572675896360671414673172, lower=66910184482037901621933403444034052414, upper=136541484142652779330200457892076216957
Case 1 (Normal interval): Result = false
Checking interval: id=121411138451101288395601026024677976156, lower=66910184482037901621933403444034052414, upper=136541484142652779330200457892076216957
Case 1 (Normal interval): Result = true
Checking interval: id=136541484142652779330200457892076216958, lower=121411138451101288395601026024677976156, upper=210821560651360572675896360671414673172
Case 1 (Normal interval): Result = true
2025-04-14 22:25:33 INFO  FileManager:137 - Replica 136541484142652779330200457892076216958 is stored on peer: process4
Checking interval: id=66481538825926898419352978747807121875, lower=66910184482037901621933403444034052414, upper=121411138451101288395601026024677976156
Case 1 (Normal interval): Result = false
Checking interval: id=15618062003214643351512781541041391612, lower=66910184482037901621933403444034052414, upper=66481538825926898419352978747807121874
Case 2 (Wrapped interval): Result = true
Checking interval: id=66481538825926898419352978747807121875, lower=15618062003214643351512781541041391612, upper=53937554629190552131995290006614509577
Case 1 (Normal interval): Result = false
Checking interval: id=210821560651360572675896360671414673172, lower=15618062003214643351512781541041391612, upper=66481538825926898419352978747807121874
Case 1 (Normal interval): Result = false
Checking interval: id=121411138451101288395601026024677976156, lower=15618062003214643351512781541041391612, upper=66481538825926898419352978747807121874
Case 1 (Normal interval): Result = false
Checking interval: id=66910184482037901621933403444034052414, lower=15618062003214643351512781541041391612, upper=66481538825926898419352978747807121874
Case 1 (Normal interval): Result = false
Checking interval: id=53937554629190552131995290006614509577, lower=15618062003214643351512781541041391612, upper=66481538825926898419352978747807121874
Case 1 (Normal interval): Result = true
Checking interval: id=66481538825926898419352978747807121875, lower=53937554629190552131995290006614509577, upper=66910184482037901621933403444034052414
Case 1 (Normal interval): Result = true
2025-04-14 22:25:33 INFO  FileManager:137 - Replica 66481538825926898419352978747807121875 is stored on peer: process3
Checking interval: id=305513342937436802305366564249075562188, lower=66910184482037901621933403444034052414, upper=121411138451101288395601026024677976156
Case 1 (Normal interval): Result = false
Checking interval: id=15618062003214643351512781541041391612, lower=66910184482037901621933403444034052414, upper=305513342937436802305366564249075562187
Case 1 (Normal interval): Result = false
Checking interval: id=210821560651360572675896360671414673172, lower=66910184482037901621933403444034052414, upper=305513342937436802305366564249075562187
Case 1 (Normal interval): Result = true
Checking interval: id=305513342937436802305366564249075562188, lower=210821560651360572675896360671414673172, upper=15618062003214643351512781541041391612
Case 2 (Wrapped interval): Result = true
2025-04-14 22:25:33 INFO  FileManager:137 - Replica 305513342937436802305366564249075562188 is stored on peer: process2
]]></system-out>
  </testcase>
</testsuite>